[32m2026-06-24 19:02:36 +0800[0m - dagster - [34mDEBUG[0m - __ASSET_JOB - 75fe0c32-fff6-4271-a5a5-7fe8cd3c3fd9 - 38627 - LOGS_CAPTURED - Capturing logs for process (pid: 38627).
[32m2026-06-24 19:02:36 +0800[0m - dagster - [34mDEBUG[0m - __ASSET_JOB - 75fe0c32-fff6-4271-a5a5-7fe8cd3c3fd9 - 38627 - short_interest_raw - STEP_START - Started execution of step "short_interest_raw".
[32m2026-06-24 19:02:36 +0800[0m - dagster - [34mINFO[0m - __ASSET_JOB - 75fe0c32-fff6-4271-a5a5-7fe8cd3c3fd9 - short_interest_raw - [LOCAL] read ŌåÉ ./data/sp500_universe.parquet
[32m2026-06-24 19:02:36 +0800[0m - dagster - [34mDEBUG[0m - __ASSET_JOB - 75fe0c32-fff6-4271-a5a5-7fe8cd3c3fd9 - 38627 - short_interest_raw - LOADED_INPUT - Loaded input "sp500_universe" using input manager "io_manager"
[32m2026-06-24 19:02:36 +0800[0m - dagster - [34mDEBUG[0m - __ASSET_JOB - 75fe0c32-fff6-4271-a5a5-7fe8cd3c3fd9 - 38627 - short_interest_raw - STEP_INPUT - Got input "sp500_universe" of type "DataFrame". (Type check passed).
[32m2026-06-24 19:02:36 +0800[0m - dagster - [34mINFO[0m - __ASSET_JOB - 75fe0c32-fff6-4271-a5a5-7fe8cd3c3fd9 - short_interest_raw - Fetching SI for 503 tickers from 2026-03-26
[32m2026-06-24 19:02:38 +0800[0m - dagster - [34mERROR[0m - [31m__ASSET_JOB - 75fe0c32-fff6-4271-a5a5-7fe8cd3c3fd9 - 38627 - short_interest_raw - STEP_FAILURE - Execution of step "short_interest_raw" failed.

dagster._core.errors.DagsterExecutionStepExecutionError: Error occurred while executing op "short_interest_raw"::

requests.exceptions.HTTPError: 404 Client Error: Not Found for url: https://api.massive.com/stocks/v1/short-interest?ticker=MMM&settlement_date.gte=2026-03-26&limit=50000&sort=settlement_date.desc

Stack Trace:
  File "/Users/forrestjjj/Downloads/files2/venv/lib/python3.14/site-packages/dagster/_core/execution/plan/utils.py", line 57, in op_execution_error_boundary
    yield
  File "/Users/forrestjjj/Downloads/files2/venv/lib/python3.14/site-packages/dagster/_utils/__init__.py", line 394, in iterate_with_context
    next_output = next(iterator)
  File "/Users/forrestjjj/Downloads/files2/venv/lib/python3.14/site-packages/dagster/_core/execution/plan/compute_generator.py", line 136, in _coerce_op_compute_fn_to_iterator
    result = invoke_compute_fn(
        fn, context, kwargs, context_arg_provided, config_arg_class, resource_arg_mapping
    )
  File "/Users/forrestjjj/Downloads/files2/venv/lib/python3.14/site-packages/dagster/_core/execution/plan/compute_generator.py", line 116, in invoke_compute_fn
    return fn(context, **args_to_pass) if context_arg_provided else fn(**args_to_pass)
           ~~^^^^^^^^^^^^^^^^^^^^^^^^^
  File "/Users/forrestjjj/Downloads/files2/risk_models/us_fundamental/short_interest/assets/short_interest_raw.py", line 40, in short_interest_raw
    df = si_provider.fetch(
        tickers             = tickers,
        settlement_date_gte = cutoff,
        limit               = API_LIMIT,
    )
  File "/Users/forrestjjj/Downloads/files2/risk_models/us_fundamental/short_interest/infra/massive.py", line 40, in fetch
    resp.raise_for_status()
    ~~~~~~~~~~~~~~~~~~~~~^^
  File "/Users/forrestjjj/Downloads/files2/venv/lib/python3.14/site-packages/requests/models.py", line 1167, in raise_for_status
    raise HTTPError(http_error_msg, response=self)
[0m
