[32m2026-06-24 19:07:09 +0800[0m - dagster - [34mDEBUG[0m - __ASSET_JOB - 99134f7d-06bb-4b52-bd5f-dfb1e9cbed54 - 38688 - LOGS_CAPTURED - Capturing logs for process (pid: 38688).
[32m2026-06-24 19:07:09 +0800[0m - dagster - [34mDEBUG[0m - __ASSET_JOB - 99134f7d-06bb-4b52-bd5f-dfb1e9cbed54 - 38688 - short_interest_factor_incremental - STEP_START - Started execution of step "short_interest_factor_incremental".
[32m2026-06-24 19:07:09 +0800[0m - dagster - [34mINFO[0m - __ASSET_JOB - 99134f7d-06bb-4b52-bd5f-dfb1e9cbed54 - short_interest_factor_incremental - [LOCAL] read ← ./data/short_interest_raw.parquet
[32m2026-06-24 19:07:09 +0800[0m - dagster - [34mERROR[0m - [31m__ASSET_JOB - 99134f7d-06bb-4b52-bd5f-dfb1e9cbed54 - 38688 - short_interest_factor_incremental - STEP_FAILURE - Execution of step "short_interest_factor_incremental" failed.

dagster._core.errors.DagsterExecutionLoadInputError: Error occurred while loading input "short_interest_raw" of step "short_interest_factor_incremental"::

FileNotFoundError: [Errno 2] No such file or directory: './data/short_interest_raw.parquet'

Stack Trace:
  File "/Users/forrestjjj/Downloads/files2/venv/lib/python3.14/site-packages/dagster/_core/execution/plan/utils.py", line 57, in op_execution_error_boundary
    yield
  File "/Users/forrestjjj/Downloads/files2/venv/lib/python3.14/site-packages/dagster/_core/execution/plan/inputs.py", line 640, in _load_input_with_input_manager
    value = input_manager.load_input(context)
  File "/Users/forrestjjj/Downloads/files2/risk_models/us_fundamental/short_interest/infra/io_manager.py", line 79, in load_input
    return pd.read_parquet(path)
           ~~~~~~~~~~~~~~~^^^^^^
  File "/Users/forrestjjj/Downloads/files2/venv/lib/python3.14/site-packages/pandas/io/parquet.py", line 671, in read_parquet
    return impl.read(
           ~~~~~~~~~^
        path,
        ^^^^^
    ...<6 lines>...
        **kwargs,
        ^^^^^^^^^
    )
    ^
  File "/Users/forrestjjj/Downloads/files2/venv/lib/python3.14/site-packages/pandas/io/parquet.py", line 253, in read
    path_or_handle, handles, filesystem = _get_path_or_handle(
                                          ~~~~~~~~~~~~~~~~~~~^
        path,
        ^^^^^
    ...<2 lines>...
        mode="rb",
        ^^^^^^^^^^
    )
    ^
  File "/Users/forrestjjj/Downloads/files2/venv/lib/python3.14/site-packages/pandas/io/parquet.py", line 141, in _get_path_or_handle
    handles = get_handle(
        path_or_handle, mode, is_text=False, storage_options=storage_options
    )
  File "/Users/forrestjjj/Downloads/files2/venv/lib/python3.14/site-packages/pandas/io/common.py", line 939, in get_handle
    handle = open(handle, ioargs.mode)
[0m
